android/app/build/intermediates/manifest_merge_blame_file/release/manifest-merger-blame-release-report.txt
1<?xml version="1.0" encoding="utf-8"?>
2<manifest xmlns:android="http://schemas.android.com/apk/res/android"
3    package="io.ionic.starter"
4    android:versionCode="1"
5    android:versionName="1.0" >
6
7    <uses-sdk
8        android:minSdkVersion="22"
9        android:targetSdkVersion="34" />
10
11    <!-- Permissions -->
12    <uses-permission android:name="android.permission.CAMERA" />
12-->src/main/AndroidManifest.xml:45:5-65
12-->src/main/AndroidManifest.xml:45:22-62
13
14    <uses-feature
14-->src/main/AndroidManifest.xml:47:5-85
15        android:name="android.hardware.camera"
15-->src/main/AndroidManifest.xml:47:19-57
16        android:required="false" />
16-->src/main/AndroidManifest.xml:47:58-82
17
18    <uses-permission
18-->src/main/AndroidManifest.xml:48:5-81
19        android:name="android.permission.WRITE_EXTERNAL_STORAGE"
19-->src/main/AndroidManifest.xml:48:22-78
20        android:maxSdkVersion="32" />
20-->[:capacitor-android] AndroidManifest.xml:16:9-35
21    <uses-permission android:name="android.permission.READ_EXTERNAL_STORAGE" />
21-->src/main/AndroidManifest.xml:49:5-80
21-->src/main/AndroidManifest.xml:49:22-77
22    <uses-permission android:name="android.permission.INTERNET" />
22-->src/main/AndroidManifest.xml:51:5-67
22-->src/main/AndroidManifest.xml:51:22-64
23
24    <queries>
24-->[:capacitor-camera] AndroidManifest.xml:7:5-11:15
25        <intent>
25-->[:capacitor-camera] AndroidManifest.xml:8:9-10:18
26            <action android:name="android.media.action.IMAGE_CAPTURE" />
26-->[:capacitor-camera] AndroidManifest.xml:9:13-73
26-->[:capacitor-camera] AndroidManifest.xml:9:21-70
27        </intent>
28    </queries>
29
30    <uses-permission android:name="android.permission.VIBRATE" />
30-->[:capacitor-haptics] AndroidManifest.xml:7:5-66
30-->[:capacitor-haptics] AndroidManifest.xml:7:22-63
31    <uses-permission android:name="android.permission.ACCESS_NETWORK_STATE" />
31-->[:capacitor-network] AndroidManifest.xml:7:5-79
31-->[:capacitor-network] AndroidManifest.xml:7:22-76
32
33    <permission
33-->[androidx.core:core:1.12.0] AndroidManifest.xml:22:5-24:47
34        android:name="io.ionic.starter.DYNAMIC_RECEIVER_NOT_EXPORTED_PERMISSION"
34-->[androidx.core:core:1.12.0] AndroidManifest.xml:23:9-81
35        android:protectionLevel="signature" />
35-->[androidx.core:core:1.12.0] AndroidManifest.xml:24:9-44
36
37    <uses-permission android:name="io.ionic.starter.DYNAMIC_RECEIVER_NOT_EXPORTED_PERMISSION" />
37-->[androidx.core:core:1.12.0] AndroidManifest.xml:26:5-97
37-->[androidx.core:core:1.12.0] AndroidManifest.xml:26:22-94
38
39    <application
39-->src/main/AndroidManifest.xml:5:5-42:19
40        android:allowBackup="true"
40-->src/main/AndroidManifest.xml:6:9-35
41        android:appComponentFactory="androidx.core.app.CoreComponentFactory"
41-->[androidx.core:core:1.12.0] AndroidManifest.xml:28:18-86
42        android:extractNativeLibs="true"
43        android:icon="@mipmap/ic_launcher"
43-->src/main/AndroidManifest.xml:7:9-43
44        android:label="@string/app_name"
44-->src/main/AndroidManifest.xml:8:9-41
45        android:networkSecurityConfig="@xml/network_security_config"
45-->src/main/AndroidManifest.xml:12:9-69
46        android:roundIcon="@mipmap/ic_launcher_round"
46-->src/main/AndroidManifest.xml:9:9-54
47        android:supportsRtl="true"
47-->src/main/AndroidManifest.xml:10:9-35
48        android:theme="@style/AppTheme"
48-->src/main/AndroidManifest.xml:13:9-40
49        android:usesCleartextTraffic="true" >
49-->src/main/AndroidManifest.xml:11:9-44
50
51        <!-- Main Activity -->
52        <activity
52-->src/main/AndroidManifest.xml:16:9-29:20
53            android:name="io.ionic.starter.MainActivity"
53-->src/main/AndroidManifest.xml:18:13-41
54            android:configChanges="orientation|keyboardHidden|keyboard|screenSize|locale|smallestScreenSize|screenLayout|uiMode"
54-->src/main/AndroidManifest.xml:17:13-129
55            android:exported="true"
55-->src/main/AndroidManifest.xml:22:13-36
56            android:label="@string/title_activity_main"
56-->src/main/AndroidManifest.xml:19:13-56
57            android:launchMode="singleTask"
57-->src/main/AndroidManifest.xml:21:13-44
58            android:theme="@style/AppTheme.NoActionBarLaunch" >
58-->src/main/AndroidManifest.xml:20:13-62
59            <intent-filter>
59-->src/main/AndroidManifest.xml:24:13-27:29
60                <action android:name="android.intent.action.MAIN" />
60-->src/main/AndroidManifest.xml:25:17-69
60-->src/main/AndroidManifest.xml:25:25-66
61
62                <category android:name="android.intent.category.LAUNCHER" />
62-->src/main/AndroidManifest.xml:26:17-77
62-->src/main/AndroidManifest.xml:26:27-74
63            </intent-filter>
64        </activity>
65
66        <!-- FileProvider for handling file URIs -->
67        <provider
68            android:name="androidx.core.content.FileProvider"
68-->src/main/AndroidManifest.xml:33:13-62
69            android:authorities="io.ionic.starter.fileprovider"
69-->src/main/AndroidManifest.xml:34:13-64
70            android:exported="false"
70-->src/main/AndroidManifest.xml:35:13-37
71            android:grantUriPermissions="true" >
71-->src/main/AndroidManifest.xml:36:13-47
72            <meta-data
72-->src/main/AndroidManifest.xml:37:13-39:54
73                android:name="android.support.FILE_PROVIDER_PATHS"
73-->src/main/AndroidManifest.xml:38:17-67
74                android:resource="@xml/file_paths" />
74-->src/main/AndroidManifest.xml:39:17-51
75        </provider>
76
77        <!-- Main Activity -->
78        <activity
78-->[:capacitor-android] AndroidManifest.xml:31:9-43:20
79            android:name="com.getcapacitor.android.MainActivity"
79-->[:capacitor-android] AndroidManifest.xml:32:13-65
80            android:configChanges="orientation|keyboardHidden|keyboard|screenSize|locale|smallestScreenSize|screenLayout|uiMode"
80-->[:capacitor-android] AndroidManifest.xml:33:13-129
81            android:exported="true"
81-->[:capacitor-android] AndroidManifest.xml:34:13-36
82            android:label="@string/title_activity_main"
82-->[:capacitor-android] AndroidManifest.xml:35:13-56
83            android:launchMode="singleTask"
83-->[:capacitor-android] AndroidManifest.xml:36:13-44
84            android:theme="@style/AppTheme.NoActionBarLaunch" >
84-->[:capacitor-android] AndroidManifest.xml:37:13-62
85            <intent-filter>
85-->src/main/AndroidManifest.xml:24:13-27:29
86                <action android:name="android.intent.action.MAIN" />
86-->src/main/AndroidManifest.xml:25:17-69
86-->src/main/AndroidManifest.xml:25:25-66
87
88                <category android:name="android.intent.category.LAUNCHER" />
88-->src/main/AndroidManifest.xml:26:17-77
88-->src/main/AndroidManifest.xml:26:27-74
89            </intent-filter>
90        </activity>
91
92        <provider
92-->[androidx.emoji2:emoji2:1.2.0] AndroidManifest.xml:24:9-32:20
93            android:name="androidx.startup.InitializationProvider"
93-->[androidx.emoji2:emoji2:1.2.0] AndroidManifest.xml:25:13-67
94            android:authorities="io.ionic.starter.androidx-startup"
94-->[androidx.emoji2:emoji2:1.2.0] AndroidManifest.xml:26:13-68
95            android:exported="false" >
95-->[androidx.emoji2:emoji2:1.2.0] AndroidManifest.xml:27:13-37
96            <meta-data
96-->[androidx.emoji2:emoji2:1.2.0] AndroidManifest.xml:29:13-31:52
97                android:name="androidx.emoji2.text.EmojiCompatInitializer"
97-->[androidx.emoji2:emoji2:1.2.0] AndroidManifest.xml:30:17-75
98                android:value="androidx.startup" />
98-->[androidx.emoji2:emoji2:1.2.0] AndroidManifest.xml:31:17-49
99            <meta-data
99-->[androidx.lifecycle:lifecycle-process:2.6.1] AndroidManifest.xml:29:13-31:52
100                android:name="androidx.lifecycle.ProcessLifecycleInitializer"
100-->[androidx.lifecycle:lifecycle-process:2.6.1] AndroidManifest.xml:30:17-78
101                android:value="androidx.startup" />
101-->[androidx.lifecycle:lifecycle-process:2.6.1] AndroidManifest.xml:31:17-49
102            <meta-data
102-->[androidx.profileinstaller:profileinstaller:1.3.0] AndroidManifest.xml:29:13-31:52
103                android:name="androidx.profileinstaller.ProfileInstallerInitializer"
103-->[androidx.profileinstaller:profileinstaller:1.3.0] AndroidManifest.xml:30:17-85
104                android:value="androidx.startup" />
104-->[androidx.profileinstaller:profileinstaller:1.3.0] AndroidManifest.xml:31:17-49
105        </provider>
106
107        <receiver
107-->[androidx.profileinstaller:profileinstaller:1.3.0] AndroidManifest.xml:34:9-52:20
108            android:name="androidx.profileinstaller.ProfileInstallReceiver"
108-->[androidx.profileinstaller:profileinstaller:1.3.0] AndroidManifest.xml:35:13-76
109            android:directBootAware="false"
109-->[androidx.profileinstaller:profileinstaller:1.3.0] AndroidManifest.xml:36:13-44
110            android:enabled="true"
110-->[androidx.profileinstaller:profileinstaller:1.3.0] AndroidManifest.xml:37:13-35
111            android:exported="true"
111-->[androidx.profileinstaller:profileinstaller:1.3.0] AndroidManifest.xml:38:13-36
112            android:permission="android.permission.DUMP" >
112-->[androidx.profileinstaller:profileinstaller:1.3.0] AndroidManifest.xml:39:13-57
113            <intent-filter>
113-->[androidx.profileinstaller:profileinstaller:1.3.0] AndroidManifest.xml:40:13-42:29
114                <action android:name="androidx.profileinstaller.action.INSTALL_PROFILE" />
114-->[androidx.profileinstaller:profileinstaller:1.3.0] AndroidManifest.xml:41:17-91
114-->[androidx.profileinstaller:profileinstaller:1.3.0] AndroidManifest.xml:41:25-88
115            </intent-filter>
116            <intent-filter>
116-->[androidx.profileinstaller:profileinstaller:1.3.0] AndroidManifest.xml:43:13-45:29
117                <action android:name="androidx.profileinstaller.action.SKIP_FILE" />
117-->[androidx.profileinstaller:profileinstaller:1.3.0] AndroidManifest.xml:44:17-85
117-->[androidx.profileinstaller:profileinstaller:1.3.0] AndroidManifest.xml:44:25-82
118            </intent-filter>
119            <intent-filter>
119-->[androidx.profileinstaller:profileinstaller:1.3.0] AndroidManifest.xml:46:13-48:29
120                <action android:name="androidx.profileinstaller.action.SAVE_PROFILE" />
120-->[androidx.profileinstaller:profileinstaller:1.3.0] AndroidManifest.xml:47:17-88
120-->[androidx.profileinstaller:profileinstaller:1.3.0] AndroidManifest.xml:47:25-85
121            </intent-filter>
122            <intent-filter>
122-->[androidx.profileinstaller:profileinstaller:1.3.0] AndroidManifest.xml:49:13-51:29
123                <action android:name="androidx.profileinstaller.action.BENCHMARK_OPERATION" />
123-->[androidx.profileinstaller:profileinstaller:1.3.0] AndroidManifest.xml:50:17-95
123-->[androidx.profileinstaller:profileinstaller:1.3.0] AndroidManifest.xml:50:25-92
124            </intent-filter>
125        </receiver>
126    </application>
127
128</manifest>